eas title
4
x
y
z
facies
         116         122           0           1
           6          42           0           1
         108         107           0           0
          72          60           0           0
          37          42           0           1
          60         100           0           0
          70         121           0           1
         139         130           0           1
         120          23           0           0
          14          27           0           0
         132         129           0           1
           7          81           0           0
         109          75           0           0
          27          61           0           1
          79          24           0           1
          13         127           0           0
         111          88           0           1
          76         116           0           0
         100          56           0           1
          13           6           0           0
          55          51           0           0
         117         116           0           1
          24          23           0           0
          13         144           0           1
          35          52           0           1
         112          38           0           1
          52          98           0           0
         137          18           0           0
          41          47           0           1
           3          31           0           0
          84          36           0           0
          26          82           0           1
          44          84           0           1
         120           2           0           0
         127         121           0           1
           6         138           0           0
           6          89           0           0
          21          63           0           1
          84          55           0           0
          50          92           0           0
         127          42           0           1
          46         103           0           0
          76         132           0           0
          98          92           0           1
          91          52           0           0
          86         128           0           0
          75          56           0           0
          70          29           0           1
         115           8           0           0
          51          26           0           0
