samples100
4
X
Y
Z
facies
116 122 0 1
6 42 0 1
108 107 0 0
72 60 0 0
37 42 0 1
60 100 0 0
70 121 0 1
139 130 0 1
120 23 0 0
14 27 0 0
132 129 0 1
7 81 0 0
109 75 0 0
27 61 0 1
79 24 0 1
13 127 0 0
111 88 0 1
76 116 0 0
100 56 0 1
13 6 0 0
55 51 0 0
117 116 0 1
24 23 0 0
13 144 0 1
35 52 0 1
112 38 0 1
52 98 0 0
137 18 0 0
41 47 0 1
3 31 0 0
84 36 0 0
26 82 0 1
44 84 0 1
120 2 0 0
127 121 0 1
6 138 0 0
6 89 0 0
21 63 0 1
84 55 0 0
50 92 0 0
127 42 0 1
46 103 0 0
76 132 0 0
98 92 0 1
91 52 0 0
86 128 0 0
75 56 0 0
70 29 0 1
115 8 0 0
51 26 0 0
72 105 0 0
77 18 0 1
134 60 0 0
4 125 0 0
61 22 0 1
61 32 0 1
31 31 0 0
115 121 0 1
109 125 0 0
32 121 0 1
56 145 0 0
58 118 0 1
149 84 0 0
97 54 0 1
27 103 0 0
8 7 0 0
49 31 0 0
143 3 0 0
88 136 0 0
104 142 0 1
53 73 0 0
91 18 0 0
5 67 0 1
50 136 0 0
83 121 0 1
6 96 0 1
86 115 0 0
79 39 0 0
96 32 0 1
33 73 0 0
38 80 0 0
64 21 0 0
26 52 0 0
125 124 0 1
113 70 0 0
35 139 0 0
82 103 0 0
111 45 0 0
47 12 0 0
49 92 0 0
106 33 0 0
92 2 0 0
81 57 0 0
43 48 0 1
43 141 0 0
29 34 0 0
34 71 0 0
72 23 0 0
85 134 0 0
82 15 0 0
