 Number of samples located out of the training image grid:
           0
 Number of migrated samples:
          50
 Number of repeated samples (not migrated and lost):
           0
 Valid conditioning events:
         278
 Invalid conditioning events:
       62222
 Relative compatibility with training images (direct sampling):
  1.3392856E-02  6.6964282E-03  1.7857142E-02  4.4642854E-03  1.1160714E-02 6.6964282E-03  1.5624999E-02  6.6964282E-03  8.9285709E-03  2.2321427E-03  6.6964282E-03  3.5714284E-02  1.5624999E-02  1.3392856E-02  8.9285709E-03 1.3392856E-02  4.4642854E-03  2.2321427E-03  6.6964282E-03  1.3392856E-02  2.2321427E-03  1.7857142E-02  4.4642854E-03  4.4642854E-03  8.9285709E-03 8.9285709E-03  1.5624999E-02  8.9285709E-03  1.1160714E-02  1.5624999E-02  1.1160714E-02  8.9285709E-03  1.7857142E-02  2.0089284E-02  6.6964282E-03 1.1160714E-02  6.6964282E-03  4.4642854E-03  4.4642854E-03  2.2321427E-02   4.4642854E-03  1.1160714E-02  6.6964282E-03  1.5624999E-02  4.4642854E-03 2.2321427E-03  2.2321427E-03  6.6964282E-03  1.3392856E-02  0.0000000E+00  1.1160714E-02  2.2321427E-03  6.6964282E-03  1.1160714E-02  8.9285709E-03  1.1160714E-02  6.6964282E-03  6.6964282E-03  6.6964282E-03  2.6785713E-02  1.1160714E-02  4.4642854E-03  6.6964282E-03  1.3392856E-02  1.3392856E-02  1.3392856E-02  1.3392856E-02  0.0000000E+00  4.4642854E-03  6.6964282E-03  1.7857142E-02  1.3392856E-02  1.1160714E-02  1.5624999E-02  1.1160714E-02  1.5624999E-02  8.9285709E-03  8.9285709E-03  2.2321427E-03  2.0089284E-02  6.6964282E-03  1.1160714E-02  1.1160714E-02  4.4642854E-03  2.2321427E-03  6.6964282E-03  6.6964282E-03  0.0000000E+00  4.4642854E-03  2.2321427E-02  2.2321427E-03  6.6964282E-03  8.9285709E-03  1.1160714E-02  1.7857142E-02  8.9285709E-03  1.3392856E-02  1.1160714E-02  2.4553571E-02  1.5624999E-02
 Occurrences of conditioning events in each training image:
   6.000000       3.000000       8.000000       2.000000       5.000000    
   3.000000       7.000000       3.000000       4.000000       1.000000    
   3.000000       16.00000       7.000000       6.000000       4.000000    
   6.000000       2.000000       1.000000       3.000000       6.000000    
   1.000000       8.000000       2.000000       2.000000       4.000000    
   4.000000       7.000000       4.000000       5.000000       7.000000    
   5.000000       4.000000       8.000000       9.000000       3.000000    
   5.000000       3.000000       2.000000       2.000000       10.00000    
   2.000000       5.000000       3.000000       7.000000       2.000000    
   1.000000       1.000000       3.000000       6.000000      0.0000000E+00
   5.000000       1.000000       3.000000       5.000000       4.000000    
   5.000000       3.000000       3.000000       3.000000       12.00000    
   5.000000       2.000000       3.000000       6.000000       6.000000    
   6.000000       6.000000      0.0000000E+00   2.000000       3.000000    
   8.000000       6.000000       5.000000       7.000000       5.000000    
   7.000000       4.000000       4.000000       1.000000       9.000000    
   3.000000       5.000000       5.000000       2.000000       1.000000    
   3.000000       3.000000      0.0000000E+00   2.000000       10.00000    
   1.000000       3.000000       4.000000       5.000000       8.000000    
   4.000000       6.000000       5.000000       11.00000       7.000000    
